<?xml version="1.0" encoding="UTF-8"?>
<testsuite name="TestSuite" time="4.14" tests="3" errors="0" skipped="1" failures="2">
  <properties>
[...]
</properties>
  <testcase name="setUpClass" classname="testRunner.PageobjectRunner" time="2.046">
    <failure message="cucumber.runtime.RuntimeOptions.reporter(Ljava/lang/ClassLoader;)Lgherkin/formatter/Reporter;" type="java.lang.NoSuchMethodError"><![CDATA[java.lang.NoSuchMethodError: cucumber.runtime.RuntimeOptions.reporter(Ljava/lang/ClassLoader;)Lgherkin/formatter/Reporter;
	at cucumber.api.testng.TestNGCucumberRunner.<init>(TestNGCucumberRunner.java:41)
	at testRunner.PageobjectRunner.setUpClass(PageobjectRunner.java:33)
]]></failure>
    <system-out><![CDATA[Testcases Started and TestCasedetails are: Test
]]></system-out>
  </testcase>
  <testcase name="feature" classname="testRunner.PageobjectRunner" time="0">
    <skipped/>
    <system-out><![CDATA[TestCases skipped and Testcase details are: feature
]]></system-out>
    <system-err><![CDATA[[Utils] [ERROR] [Error] java.lang.NullPointerException
	at testRunner.PageobjectRunner.features(PageobjectRunner.java:43)
	at sun.reflect.NativeMethodAccessorImpl.invoke0(Native Method)
	at sun.reflect.NativeMethodAccessorImpl.invoke(NativeMethodAccessorImpl.java:62)
	at sun.reflect.DelegatingMethodAccessorImpl.invoke(DelegatingMethodAccessorImpl.java:43)
	at java.lang.reflect.Method.invoke(Method.java:497)
	at org.testng.internal.MethodInvocationHelper.invokeMethod(MethodInvocationHelper.java:124)
	at org.testng.internal.MethodInvocationHelper.invokeMethod(MethodInvocationHelper.java:74)
	at org.testng.internal.MethodInvocationHelper.invokeMethodNoCheckedException(MethodInvocationHelper.java:45)
	at org.testng.internal.MethodInvocationHelper.invokeDataProvider(MethodInvocationHelper.java:131)
	at org.testng.internal.Parameters.handleParameters(Parameters.java:706)
	at org.testng.internal.ParameterHandler.handleParameters(ParameterHandler.java:49)
	at org.testng.internal.ParameterHandler.createParameters(ParameterHandler.java:37)
	at org.testng.internal.Invoker.invokeTestMethods(Invoker.java:924)
	at org.testng.internal.TestMethodWorker.invokeTestMethods(TestMethodWorker.java:125)
	at org.testng.internal.TestMethodWorker.run(TestMethodWorker.java:109)
	at org.testng.TestRunner.privateRun(TestRunner.java:648)
	at org.testng.TestRunner.run(TestRunner.java:505)
	at org.testng.SuiteRunner.runTest(SuiteRunner.java:455)
	at org.testng.SuiteRunner.runSequentially(SuiteRunner.java:450)
	at org.testng.SuiteRunner.privateRun(SuiteRunner.java:415)
	at org.testng.SuiteRunner.run(SuiteRunner.java:364)
	at org.testng.SuiteRunnerWorker.runSuite(SuiteRunnerWorker.java:52)
	at org.testng.SuiteRunnerWorker.run(SuiteRunnerWorker.java:84)
	at org.testng.TestNG.runSuitesSequentially(TestNG.java:1208)
	at org.testng.TestNG.runSuitesLocally(TestNG.java:1137)
	at org.testng.TestNG.runSuites(TestNG.java:1049)
	at org.testng.TestNG.run(TestNG.java:1017)
	at org.apache.maven.surefire.testng.TestNGExecutor.run(TestNGExecutor.java:295)
	at org.apache.maven.surefire.testng.TestNGXmlTestSuite.execute(TestNGXmlTestSuite.java:84)
	at org.apache.maven.surefire.testng.TestNGProvider.invoke(TestNGProvider.java:90)
	at org.apache.maven.surefire.booter.ForkedBooter.invokeProviderInSameClassLoader(ForkedBooter.java:203)
	at org.apache.maven.surefire.booter.ForkedBooter.runSuitesInProcess(ForkedBooter.java:155)
	at org.apache.maven.surefire.booter.ForkedBooter.main(ForkedBooter.java:103)

]]></system-err>
  </testcase>
  <testcase name="tearDownClass" classname="testRunner.PageobjectRunner" time="2.094">
    <failure type="java.lang.NullPointerException:">java.lang.NullPointerException: null
	at testRunner.PageobjectRunner.tearDownClass(PageobjectRunner.java:48)
</failure>
  </testcase>
</testsuite>