<?xml version="1.0" encoding="UTF-8"?>
<testng-results skipped="0" failed="0" ignored="0" total="1" passed="1">
  <reporter-output>
  </reporter-output>
  <suite name="Suite" duration-ms="45820" started-at="2021-10-09T12:15:58Z" finished-at="2021-10-09T12:16:44Z">
    <groups>
      <group name="cucumber">
        <method signature="PageobjectRunner.feature(cucumber.api.testng.CucumberFeatureWrapper)[pri:0, instance:testRunner.PageobjectRunner@18c1321]" name="feature" class="testRunner.PageobjectRunner"/>
      </group> <!-- cucumber -->
    </groups>
    <test name="Test" duration-ms="45820" started-at="2021-10-09T12:15:58Z" finished-at="2021-10-09T12:16:44Z">
      <class name="testRunner.PageobjectRunner">
        <test-method status="PASS" signature="setUpClass()[pri:0, instance:testRunner.PageobjectRunner@18c1321]" name="setUpClass" is-config="true" duration-ms="876" started-at="2021-10-09T12:16:00Z" finished-at="2021-10-09T12:16:01Z">
          <reporter-output>
          </reporter-output>
        </test-method> <!-- setUpClass -->
        <test-method status="PASS" signature="feature(cucumber.api.testng.CucumberFeatureWrapper)[pri:0, instance:testRunner.PageobjectRunner@18c1321]" name="feature" duration-ms="41274" started-at="2021-10-09T12:16:02Z" description="Runs Cucumber Feature" data-provider="features" finished-at="2021-10-09T12:16:43Z">
          <params>
            <param index="0">
              <value>
                <![CDATA[Checking HRM login feature]]>
              </value>
            </param>
          </params>
          <reporter-output>
          </reporter-output>
        </test-method> <!-- feature -->
        <test-method status="PASS" signature="tearDownClass()[pri:0, instance:testRunner.PageobjectRunner@18c1321]" name="tearDownClass" is-config="true" duration-ms="1028" started-at="2021-10-09T12:16:43Z" finished-at="2021-10-09T12:16:44Z">
          <reporter-output>
          </reporter-output>
        </test-method> <!-- tearDownClass -->
      </class> <!-- testRunner.PageobjectRunner -->
    </test> <!-- Test -->
  </suite> <!-- Suite -->
</testng-results>
