<?xml version="1.0" encoding="UTF-8"?>
<testng-results skipped="0" failed="0" ignored="0" total="1" passed="1">
  <reporter-output>
  </reporter-output>
  <suite name="Suite" duration-ms="33695" started-at="2021-12-24T16:40:25Z" finished-at="2021-12-24T16:40:58Z">
    <groups>
      <group name="cucumber">
        <method signature="PageobjectRunner.feature(cucumber.api.testng.CucumberFeatureWrapper)[pri:0, instance:testRunner.PageobjectRunner@80503]" name="feature" class="testRunner.PageobjectRunner"/>
      </group> <!-- cucumber -->
    </groups>
    <test name="Test" duration-ms="33695" started-at="2021-12-24T16:40:25Z" finished-at="2021-12-24T16:40:58Z">
      <class name="testRunner.PageobjectRunner">
        <test-method status="PASS" signature="setUpClass()[pri:0, instance:testRunner.PageobjectRunner@80503]" name="setUpClass" is-config="true" duration-ms="426" started-at="2021-12-24T16:40:25Z" finished-at="2021-12-24T16:40:25Z">
          <reporter-output>
          </reporter-output>
        </test-method> <!-- setUpClass -->
        <test-method status="PASS" signature="feature(cucumber.api.testng.CucumberFeatureWrapper)[pri:0, instance:testRunner.PageobjectRunner@80503]" name="feature" duration-ms="32550" started-at="2021-12-24T16:40:26Z" description="Runs Cucumber Feature" data-provider="features" finished-at="2021-12-24T16:40:58Z">
          <params>
            <param index="0">
              <value>
                <![CDATA[Checking HRM login feature]]>
              </value>
            </param>
          </params>
          <reporter-output>
          </reporter-output>
        </test-method> <!-- feature -->
        <test-method status="PASS" signature="tearDownClass()[pri:0, instance:testRunner.PageobjectRunner@80503]" name="tearDownClass" is-config="true" duration-ms="62" started-at="2021-12-24T16:40:58Z" finished-at="2021-12-24T16:40:58Z">
          <reporter-output>
          </reporter-output>
        </test-method> <!-- tearDownClass -->
      </class> <!-- testRunner.PageobjectRunner -->
    </test> <!-- Test -->
  </suite> <!-- Suite -->
</testng-results>
