<?xml version="1.0" encoding="UTF-8"?>
<testng-results skipped="0" failed="0" total="1" passed="1">
  <reporter-output>
  </reporter-output>
  <suite name="Suite" duration-ms="32615" started-at="2021-10-06T17:35:23Z" finished-at="2021-10-06T17:35:56Z">
    <groups>
      <group name="cucumber">
        <method signature="PageobjectRunner.feature(cucumber.api.testng.CucumberFeatureWrapper)[pri:0, instance:testRunner.PageobjectRunner@720b71]" name="feature" class="testRunner.PageobjectRunner"/>
      </group> <!-- cucumber -->
    </groups>
    <test name="Test" duration-ms="32615" started-at="2021-10-06T17:35:23Z" finished-at="2021-10-06T17:35:56Z">
      <class name="testRunner.PageobjectRunner">
        <test-method status="PASS" signature="setUpClass()[pri:0, instance:testRunner.PageobjectRunner@720b71]" name="setUpClass" is-config="true" duration-ms="749" started-at="2021-10-06T23:05:24Z" finished-at="2021-10-06T23:05:24Z">
          <reporter-output>
          </reporter-output>
        </test-method> <!-- setUpClass -->
        <test-method status="PASS" signature="feature(cucumber.api.testng.CucumberFeatureWrapper)[pri:0, instance:testRunner.PageobjectRunner@720b71]" name="feature" duration-ms="30710" started-at="2021-10-06T23:05:25Z" description="Runs Cucumber Feature" data-provider="features" finished-at="2021-10-06T23:05:55Z">
          <params>
            <param index="0">
              <value>
                <![CDATA[Checking HRM login feature]]>
              </value>
            </param>
          </params>
          <reporter-output>
          </reporter-output>
        </test-method> <!-- feature -->
        <test-method status="PASS" signature="tearDownClass()[pri:0, instance:testRunner.PageobjectRunner@720b71]" name="tearDownClass" is-config="true" duration-ms="94" started-at="2021-10-06T23:05:55Z" finished-at="2021-10-06T23:05:56Z">
          <reporter-output>
          </reporter-output>
        </test-method> <!-- tearDownClass -->
      </class> <!-- testRunner.PageobjectRunner -->
    </test> <!-- Test -->
  </suite> <!-- Suite -->
</testng-results>
