<?xml version="1.0" encoding="UTF-8"?>
<testng-results skipped="0" failed="0" total="1" passed="1">
  <reporter-output>
  </reporter-output>
  <suite name="Suite" duration-ms="21148" started-at="2021-10-07T04:51:03Z" finished-at="2021-10-07T04:51:24Z">
    <groups>
      <group name="cucumber">
        <method signature="PageobjectRunner.feature(cucumber.api.testng.CucumberFeatureWrapper)[pri:0, instance:testRunner.PageobjectRunner@100955a]" name="feature" class="testRunner.PageobjectRunner"/>
      </group> <!-- cucumber -->
    </groups>
    <test name="Test" duration-ms="21148" started-at="2021-10-07T04:51:03Z" finished-at="2021-10-07T04:51:24Z">
      <class name="testRunner.PageobjectRunner">
        <test-method status="PASS" signature="setUpClass()[pri:0, instance:testRunner.PageobjectRunner@100955a]" name="setUpClass" is-config="true" duration-ms="468" started-at="2021-10-07T10:21:03Z" finished-at="2021-10-07T10:21:04Z">
          <reporter-output>
          </reporter-output>
        </test-method> <!-- setUpClass -->
        <test-method status="PASS" signature="feature(cucumber.api.testng.CucumberFeatureWrapper)[pri:0, instance:testRunner.PageobjectRunner@100955a]" name="feature" duration-ms="19752" started-at="2021-10-07T10:21:04Z" description="Runs Cucumber Feature" data-provider="features" finished-at="2021-10-07T10:21:24Z">
          <params>
            <param index="0">
              <value>
                <![CDATA[Checking HRM login feature]]>
              </value>
            </param>
          </params>
          <reporter-output>
          </reporter-output>
        </test-method> <!-- feature -->
        <test-method status="PASS" signature="tearDownClass()[pri:0, instance:testRunner.PageobjectRunner@100955a]" name="tearDownClass" is-config="true" duration-ms="84" started-at="2021-10-07T10:21:24Z" finished-at="2021-10-07T10:21:24Z">
          <reporter-output>
          </reporter-output>
        </test-method> <!-- tearDownClass -->
      </class> <!-- testRunner.PageobjectRunner -->
    </test> <!-- Test -->
  </suite> <!-- Suite -->
</testng-results>
